<?xml version="1.0" encoding="UTF-8"?>
<testsuite xmlns:xsi="http://www.w3.org/2001/XMLSchema-instance" xsi:noNamespaceSchemaLocation="https://maven.apache.org/surefire/maven-surefire-plugin/xsd/surefire-test-report.xsd" name="za.co.mie.AppTest" time="0.021" tests="1" errors="0" skipped="0" failures="0">
  <properties>
    <property name="sun.desktop" value="windows"/>
    <property name="awt.toolkit" value="sun.awt.windows.WToolkit"/>
    <property name="file.encoding.pkg" value="sun.io"/>
    <property name="java.specification.version" value="1.8"/>
    <property name="sun.cpu.isalist" value="amd64"/>
    <property name="sun.jnu.encoding" value="Cp1252"/>
    <property name="java.class.path" value="C:\JavaProgs\Maven Projects\mvnTest\mie-app\target\test-classes;C:\JavaProgs\Maven Projects\mvnTest\mie-app\target\classes;C:\Users\TRAIN 08\.m2\repository\junit\junit\4.11\junit-4.11.jar;C:\Users\TRAIN 08\.m2\repository\org\hamcrest\hamcrest-core\1.3\hamcrest-core-1.3.jar;C:\Users\TRAIN 08\.m2\repository\mysql\mysql-connector-java\5.1.45\mysql-connector-java-5.1.45.jar;"/>
    <property name="java.vm.vendor" value="Amazon.com Inc."/>
    <property name="sun.arch.data.model" value="64"/>
    <property name="user.variant" value=""/>
    <property name="java.vendor.url" value="https://aws.amazon.com/corretto/"/>
    <property name="user.timezone" value="Africa/Harare"/>
    <property name="java.vm.specification.version" value="1.8"/>
    <property name="os.name" value="Windows 10"/>
    <property name="user.country" value="ZA"/>
    <property name="sun.java.launcher" value="SUN_STANDARD"/>
    <property name="sun.boot.library.path" value="C:\Java\Corretto\jdk1.8.0_292\jre\bin"/>
    <property name="sun.java.command" value="C:\Users\TRAIN0~1\AppData\Local\Temp\surefire2040594123090864175\surefirebooter3824183163194160593.jar C:\Users\TRAIN 08\AppData\Local\Temp\surefire2040594123090864175 2022-10-10T11-51-10_778-jvmRun1 surefire1769055037234705554tmp surefire_07817369852899464430tmp"/>
    <property name="surefire.test.class.path" value="C:\JavaProgs\Maven Projects\mvnTest\mie-app\target\test-classes;C:\JavaProgs\Maven Projects\mvnTest\mie-app\target\classes;C:\Users\TRAIN 08\.m2\repository\junit\junit\4.11\junit-4.11.jar;C:\Users\TRAIN 08\.m2\repository\org\hamcrest\hamcrest-core\1.3\hamcrest-core-1.3.jar;C:\Users\TRAIN 08\.m2\repository\mysql\mysql-connector-java\5.1.45\mysql-connector-java-5.1.45.jar;"/>
    <property name="sun.cpu.endian" value="little"/>
    <property name="user.home" value="C:\Users\TRAIN 08"/>
    <property name="user.language" value="en"/>
    <property name="java.specification.vendor" value="Oracle Corporation"/>
    <property name="java.home" value="C:\Java\Corretto\jdk1.8.0_292\jre"/>
    <property name="basedir" value="C:\JavaProgs\Maven Projects\mvnTest\mie-app"/>
    <property name="file.separator" value="\"/>
    <property name="line.separator" value="&#10;"/>
    <property name="java.vm.specification.vendor" value="Oracle Corporation"/>
    <property name="java.specification.name" value="Java Platform API Specification"/>
    <property name="java.awt.graphicsenv" value="sun.awt.Win32GraphicsEnvironment"/>
    <property name="surefire.real.class.path" value="C:\Users\TRAIN0~1\AppData\Local\Temp\surefire2040594123090864175\surefirebooter3824183163194160593.jar"/>
    <property name="sun.boot.class.path" value="C:\Java\Corretto\jdk1.8.0_292\jre\lib\resources.jar;C:\Java\Corretto\jdk1.8.0_292\jre\lib\rt.jar;C:\Java\Corretto\jdk1.8.0_292\jre\lib\sunrsasign.jar;C:\Java\Corretto\jdk1.8.0_292\jre\lib\jsse.jar;C:\Java\Corretto\jdk1.8.0_292\jre\lib\jce.jar;C:\Java\Corretto\jdk1.8.0_292\jre\lib\charsets.jar;C:\Java\Corretto\jdk1.8.0_292\jre\lib\jfr.jar;C:\Java\Corretto\jdk1.8.0_292\jre\classes"/>
    <property name="user.script" value=""/>
    <property name="sun.management.compiler" value="HotSpot 64-Bit Tiered Compilers"/>
    <property name="java.runtime.version" value="1.8.0_292-b10"/>
    <property name="user.name" value="TRAIN 08"/>
    <property name="path.separator" value=";"/>
    <property name="os.version" value="10.0"/>
    <property name="java.endorsed.dirs" value="C:\Java\Corretto\jdk1.8.0_292\jre\lib\endorsed"/>
    <property name="java.runtime.name" value="OpenJDK Runtime Environment"/>
    <property name="file.encoding" value="Cp1252"/>
    <property name="java.vm.name" value="OpenJDK 64-Bit Server VM"/>
    <property name="localRepository" value="C:\Users\TRAIN 08\.m2\repository"/>
    <property name="java.vendor.url.bug" value="https://github.com/corretto/corretto-8/issues/"/>
    <property name="java.io.tmpdir" value="C:\Users\TRAIN0~1\AppData\Local\Temp\"/>
    <property name="java.version" value="1.8.0_292"/>
    <property name="user.dir" value="C:\JavaProgs\Maven Projects\mvnTest\mie-app"/>
    <property name="os.arch" value="amd64"/>
    <property name="java.vm.specification.name" value="Java Virtual Machine Specification"/>
    <property name="java.awt.printerjob" value="sun.awt.windows.WPrinterJob"/>
    <property name="sun.os.patch.level" value=""/>
    <property name="java.library.path" value="C:\Java\Corretto\jdk1.8.0_292\jre\bin;C:\WINDOWS\Sun\Java\bin;C:\WINDOWS\system32;C:\WINDOWS;C:\Java\Corretto\jdk1.8.0_292\bin;C:\WINDOWS\system32;C:\WINDOWS;C:\WINDOWS\System32\Wbem;C:\WINDOWS\System32\WindowsPowerShell\v1.0\;C:\WINDOWS\System32\OpenSSH\;C:\Program Files\ojdkbuild\java-1.8.0-openjdk-1.8.0.292-1\bin;C:\Program Files\ojdkbuild\java-1.8.0-openjdk-1.8.0.292-1\jre\bin;C:\Program Files\MySQL\MySQL Utilities 1.6\;C:\Java\Maven\apache-maven-3.8.6\bin;C:\Users\TRAIN 08\AppData\Local\Microsoft\WindowsApps;C:\Users\TRAIN 08\AppData\Local\GitHubDesktop\bin;C:\Java\Maven\apache-maven-3.8.6\bin;;."/>
    <property name="java.vm.info" value="mixed mode"/>
    <property name="java.vendor" value="Amazon.com Inc."/>
    <property name="java.vm.version" value="25.292-b10"/>
    <property name="java.ext.dirs" value="C:\Java\Corretto\jdk1.8.0_292\jre\lib\ext;C:\WINDOWS\Sun\Java\lib\ext"/>
    <property name="sun.io.unicode.encoding" value="UnicodeLittle"/>
    <property name="java.class.version" value="52.0"/>
  </properties>
  <testcase name="shouldAnswerWithTrue" classname="za.co.mie.AppTest" time="0.001"/>
</testsuite>